<?xml version="1.0" encoding="UTF-8"?>
<testng-results ignored="0" total="1" passed="1" failed="0" skipped="0">
  <reporter-output>
  </reporter-output>
  <suite started-at="2022-08-15T04:06:28 GMT-07:00" name="Suite" finished-at="2022-08-15T04:06:38 GMT-07:00" duration-ms="10204">
    <groups>
    </groups>
    <test started-at="2022-08-15T04:06:28 GMT-07:00" name="Test" finished-at="2022-08-15T04:06:38 GMT-07:00" duration-ms="10204">
      <class name="com.pages.test.LoginPageTest">
        <test-method signature="TC_001()[pri:0, instance:com.pages.test.LoginPageTest@703580bf]" started-at="2022-08-15T04:06:28 GMT-07:00" name="TC_001" finished-at="2022-08-15T04:06:38 GMT-07:00" duration-ms="10134" status="PASS">
          <reporter-output>
          </reporter-output>
        </test-method> <!-- TC_001 -->
      </class> <!-- com.pages.test.LoginPageTest -->
    </test> <!-- Test -->
  </suite> <!-- Suite -->
</testng-results>
